{"/home/jacovzap/Documents/Academia Digital/Frontend_Development/11. TESTING/src/js/index.js": {"path":"/home/jacovzap/Documents/Academia Digital/Frontend_Development/11. TESTING/src/js/index.js","all":false,"statementMap":{"0":{"start":{"line":1,"column":0},"end":{"line":1,"column":24}},"1":{"start":{"line":2,"column":0},"end":{"line":2,"column":23}},"2":{"start":{"line":3,"column":0},"end":{"line":3,"column":21}},"3":{"start":{"line":4,"column":0},"end":{"line":4,"column":18}},"4":{"start":{"line":5,"column":0},"end":{"line":5,"column":0}},"5":{"start":{"line":6,"column":0},"end":{"line":6,"column":50}},"6":{"start":{"line":7,"column":0},"end":{"line":7,"column":0}},"7":{"start":{"line":8,"column":0},"end":{"line":8,"column":35}},"8":{"start":{"line":9,"column":0},"end":{"line":9,"column":31}},"9":{"start":{"line":10,"column":0},"end":{"line":10,"column":33}},"10":{"start":{"line":11,"column":0},"end":{"line":11,"column":24}},"11":{"start":{"line":12,"column":0},"end":{"line":12,"column":3}},"12":{"start":{"line":13,"column":0},"end":{"line":13,"column":1}},"13":{"start":{"line":14,"column":0},"end":{"line":14,"column":0}},"14":{"start":{"line":15,"column":0},"end":{"line":15,"column":30}},"15":{"start":{"line":16,"column":0},"end":{"line":16,"column":26}},"16":{"start":{"line":17,"column":0},"end":{"line":17,"column":26}},"17":{"start":{"line":18,"column":0},"end":{"line":18,"column":1}},"18":{"start":{"line":19,"column":0},"end":{"line":19,"column":0}},"19":{"start":{"line":20,"column":0},"end":{"line":20,"column":32}},"20":{"start":{"line":21,"column":0},"end":{"line":21,"column":25}},"21":{"start":{"line":22,"column":0},"end":{"line":22,"column":31}},"22":{"start":{"line":23,"column":0},"end":{"line":23,"column":26}},"23":{"start":{"line":24,"column":0},"end":{"line":24,"column":1}},"24":{"start":{"line":25,"column":0},"end":{"line":25,"column":0}},"25":{"start":{"line":26,"column":0},"end":{"line":26,"column":36}},"26":{"start":{"line":27,"column":0},"end":{"line":27,"column":26}},"27":{"start":{"line":28,"column":0},"end":{"line":28,"column":45}},"28":{"start":{"line":29,"column":0},"end":{"line":29,"column":35}},"29":{"start":{"line":30,"column":0},"end":{"line":30,"column":1}},"30":{"start":{"line":31,"column":0},"end":{"line":31,"column":0}},"31":{"start":{"line":32,"column":0},"end":{"line":32,"column":26}},"32":{"start":{"line":33,"column":0},"end":{"line":33,"column":45}},"33":{"start":{"line":34,"column":0},"end":{"line":34,"column":41}},"34":{"start":{"line":35,"column":0},"end":{"line":35,"column":35}},"35":{"start":{"line":36,"column":0},"end":{"line":36,"column":22}},"36":{"start":{"line":37,"column":0},"end":{"line":37,"column":0}},"37":{"start":{"line":38,"column":0},"end":{"line":38,"column":25}},"38":{"start":{"line":39,"column":0},"end":{"line":39,"column":1}},"39":{"start":{"line":40,"column":0},"end":{"line":40,"column":0}},"40":{"start":{"line":41,"column":0},"end":{"line":41,"column":48}},"41":{"start":{"line":42,"column":0},"end":{"line":42,"column":51}},"42":{"start":{"line":43,"column":0},"end":{"line":43,"column":8}},"43":{"start":{"line":44,"column":0},"end":{"line":44,"column":18}},"44":{"start":{"line":45,"column":0},"end":{"line":45,"column":0}},"45":{"start":{"line":46,"column":0},"end":{"line":46,"column":53}},"46":{"start":{"line":47,"column":0},"end":{"line":47,"column":32}},"47":{"start":{"line":48,"column":0},"end":{"line":48,"column":74}},"48":{"start":{"line":49,"column":0},"end":{"line":49,"column":50}},"49":{"start":{"line":50,"column":0},"end":{"line":50,"column":45}},"50":{"start":{"line":51,"column":0},"end":{"line":51,"column":49}},"51":{"start":{"line":52,"column":0},"end":{"line":52,"column":5}},"52":{"start":{"line":53,"column":0},"end":{"line":53,"column":0}},"53":{"start":{"line":54,"column":0},"end":{"line":54,"column":54}},"54":{"start":{"line":55,"column":0},"end":{"line":55,"column":33}},"55":{"start":{"line":56,"column":0},"end":{"line":56,"column":76}},"56":{"start":{"line":57,"column":0},"end":{"line":57,"column":51}},"57":{"start":{"line":58,"column":0},"end":{"line":58,"column":46}},"58":{"start":{"line":59,"column":0},"end":{"line":59,"column":49}},"59":{"start":{"line":60,"column":0},"end":{"line":60,"column":5}},"60":{"start":{"line":61,"column":0},"end":{"line":61,"column":0}},"61":{"start":{"line":62,"column":0},"end":{"line":62,"column":54}},"62":{"start":{"line":63,"column":0},"end":{"line":63,"column":33}},"63":{"start":{"line":64,"column":0},"end":{"line":64,"column":14}},"64":{"start":{"line":65,"column":0},"end":{"line":65,"column":45}},"65":{"start":{"line":66,"column":0},"end":{"line":66,"column":47}},"66":{"start":{"line":67,"column":0},"end":{"line":67,"column":51}},"67":{"start":{"line":68,"column":0},"end":{"line":68,"column":46}},"68":{"start":{"line":69,"column":0},"end":{"line":69,"column":49}},"69":{"start":{"line":70,"column":0},"end":{"line":70,"column":5}},"70":{"start":{"line":71,"column":0},"end":{"line":71,"column":0}},"71":{"start":{"line":72,"column":0},"end":{"line":72,"column":54}},"72":{"start":{"line":73,"column":0},"end":{"line":73,"column":33}},"73":{"start":{"line":74,"column":0},"end":{"line":74,"column":76}},"74":{"start":{"line":75,"column":0},"end":{"line":75,"column":51}},"75":{"start":{"line":76,"column":0},"end":{"line":76,"column":46}},"76":{"start":{"line":77,"column":0},"end":{"line":77,"column":49}},"77":{"start":{"line":78,"column":0},"end":{"line":78,"column":5}},"78":{"start":{"line":79,"column":0},"end":{"line":79,"column":17}},"79":{"start":{"line":80,"column":0},"end":{"line":80,"column":3}},"80":{"start":{"line":81,"column":0},"end":{"line":81,"column":1}},"81":{"start":{"line":82,"column":0},"end":{"line":82,"column":0}},"82":{"start":{"line":83,"column":0},"end":{"line":83,"column":21}},"83":{"start":{"line":84,"column":0},"end":{"line":84,"column":25}},"84":{"start":{"line":85,"column":0},"end":{"line":85,"column":47}},"85":{"start":{"line":86,"column":0},"end":{"line":86,"column":0}},"86":{"start":{"line":87,"column":0},"end":{"line":87,"column":45}},"87":{"start":{"line":88,"column":0},"end":{"line":88,"column":26}},"88":{"start":{"line":89,"column":0},"end":{"line":89,"column":0}},"89":{"start":{"line":90,"column":0},"end":{"line":90,"column":28}},"90":{"start":{"line":91,"column":0},"end":{"line":91,"column":1}},"91":{"start":{"line":92,"column":0},"end":{"line":92,"column":0}},"92":{"start":{"line":93,"column":0},"end":{"line":93,"column":18}},"93":{"start":{"line":94,"column":0},"end":{"line":94,"column":24}},"94":{"start":{"line":95,"column":0},"end":{"line":95,"column":14}},"95":{"start":{"line":96,"column":0},"end":{"line":96,"column":16}},"96":{"start":{"line":97,"column":0},"end":{"line":97,"column":20}},"97":{"start":{"line":98,"column":0},"end":{"line":98,"column":15}},"98":{"start":{"line":99,"column":0},"end":{"line":99,"column":12}},"99":{"start":{"line":100,"column":0},"end":{"line":100,"column":9}},"100":{"start":{"line":101,"column":0},"end":{"line":101,"column":1}}},"s":{"0":1,"1":1,"2":1,"3":1,"4":1,"5":1,"6":1,"7":4,"8":4,"9":3,"10":3,"11":3,"12":4,"13":1,"14":5,"15":5,"16":5,"17":5,"18":1,"19":3,"20":3,"21":3,"22":3,"23":3,"24":1,"25":9,"26":9,"27":9,"28":9,"29":9,"30":1,"31":8,"32":8,"33":8,"34":8,"35":8,"36":8,"37":8,"38":8,"39":1,"40":8,"41":8,"42":6,"43":6,"44":6,"45":6,"46":6,"47":1,"48":1,"49":1,"50":1,"51":1,"52":5,"53":5,"54":6,"55":1,"56":1,"57":1,"58":1,"59":1,"60":4,"61":4,"62":6,"63":2,"64":2,"65":2,"66":2,"67":2,"68":2,"69":2,"70":2,"71":2,"72":6,"73":1,"74":1,"75":1,"76":1,"77":1,"78":1,"79":1,"80":8,"81":1,"82":1,"83":1,"84":1,"85":1,"86":1,"87":1,"88":1,"89":1,"90":1,"91":1,"92":1,"93":1,"94":1,"95":1,"96":1,"97":1,"98":1,"99":1,"100":1},"branchMap":{"0":{"type":"branch","line":8,"loc":{"start":{"line":8,"column":0},"end":{"line":13,"column":1}},"locations":[{"start":{"line":8,"column":0},"end":{"line":13,"column":1}}]},"1":{"type":"branch","line":9,"loc":{"start":{"line":9,"column":30},"end":{"line":12,"column":3}},"locations":[{"start":{"line":9,"column":30},"end":{"line":12,"column":3}}]},"2":{"type":"branch","line":15,"loc":{"start":{"line":15,"column":0},"end":{"line":18,"column":1}},"locations":[{"start":{"line":15,"column":0},"end":{"line":18,"column":1}}]},"3":{"type":"branch","line":20,"loc":{"start":{"line":20,"column":0},"end":{"line":24,"column":1}},"locations":[{"start":{"line":20,"column":0},"end":{"line":24,"column":1}}]},"4":{"type":"branch","line":26,"loc":{"start":{"line":26,"column":0},"end":{"line":30,"column":1}},"locations":[{"start":{"line":26,"column":0},"end":{"line":30,"column":1}}]},"5":{"type":"branch","line":32,"loc":{"start":{"line":32,"column":0},"end":{"line":39,"column":1}},"locations":[{"start":{"line":32,"column":0},"end":{"line":39,"column":1}}]},"6":{"type":"branch","line":41,"loc":{"start":{"line":41,"column":0},"end":{"line":81,"column":1}},"locations":[{"start":{"line":41,"column":0},"end":{"line":81,"column":1}}]},"7":{"type":"branch","line":42,"loc":{"start":{"line":42,"column":31},"end":{"line":42,"column":51}},"locations":[{"start":{"line":42,"column":31},"end":{"line":42,"column":51}}]},"8":{"type":"branch","line":43,"loc":{"start":{"line":43,"column":-1},"end":{"line":80,"column":3}},"locations":[{"start":{"line":43,"column":-1},"end":{"line":80,"column":3}}]},"9":{"type":"branch","line":47,"loc":{"start":{"line":47,"column":31},"end":{"line":52,"column":5}},"locations":[{"start":{"line":47,"column":31},"end":{"line":52,"column":5}}]},"10":{"type":"branch","line":52,"loc":{"start":{"line":52,"column":4},"end":{"line":55,"column":32}},"locations":[{"start":{"line":52,"column":4},"end":{"line":55,"column":32}}]},"11":{"type":"branch","line":55,"loc":{"start":{"line":55,"column":32},"end":{"line":60,"column":5}},"locations":[{"start":{"line":55,"column":32},"end":{"line":60,"column":5}}]},"12":{"type":"branch","line":60,"loc":{"start":{"line":60,"column":4},"end":{"line":63,"column":32}},"locations":[{"start":{"line":60,"column":4},"end":{"line":63,"column":32}}]},"13":{"type":"branch","line":63,"loc":{"start":{"line":63,"column":32},"end":{"line":73,"column":32}},"locations":[{"start":{"line":63,"column":32},"end":{"line":73,"column":32}}]},"14":{"type":"branch","line":73,"loc":{"start":{"line":73,"column":32},"end":{"line":80,"column":3}},"locations":[{"start":{"line":73,"column":32},"end":{"line":80,"column":3}}]},"15":{"type":"branch","line":83,"loc":{"start":{"line":83,"column":0},"end":{"line":91,"column":1}},"locations":[{"start":{"line":83,"column":0},"end":{"line":91,"column":1}}]}},"b":{"0":[4],"1":[3],"2":[5],"3":[3],"4":[9],"5":[8],"6":[8],"7":[2],"8":[6],"9":[1],"10":[5],"11":[1],"12":[4],"13":[2],"14":[1],"15":[1]},"fnMap":{"0":{"name":"validateNumberAndPush","decl":{"start":{"line":8,"column":0},"end":{"line":13,"column":1}},"loc":{"start":{"line":8,"column":0},"end":{"line":13,"column":1}},"line":8},"1":{"name":"writeNumber","decl":{"start":{"line":15,"column":0},"end":{"line":18,"column":1}},"loc":{"start":{"line":15,"column":0},"end":{"line":18,"column":1}},"line":15},"2":{"name":"writeOperator","decl":{"start":{"line":20,"column":0},"end":{"line":24,"column":1}},"loc":{"start":{"line":20,"column":0},"end":{"line":24,"column":1}},"line":20},"3":{"name":"writeInCalculator","decl":{"start":{"line":26,"column":0},"end":{"line":30,"column":1}},"loc":{"start":{"line":26,"column":0},"end":{"line":30,"column":1}},"line":26},"4":{"name":"clearDisplay","decl":{"start":{"line":32,"column":0},"end":{"line":39,"column":1}},"loc":{"start":{"line":32,"column":0},"end":{"line":39,"column":1}},"line":32},"5":{"name":"calculate","decl":{"start":{"line":41,"column":0},"end":{"line":81,"column":1}},"loc":{"start":{"line":41,"column":0},"end":{"line":81,"column":1}},"line":41},"6":{"name":"execute","decl":{"start":{"line":83,"column":0},"end":{"line":91,"column":1}},"loc":{"start":{"line":83,"column":0},"end":{"line":91,"column":1}},"line":83}},"f":{"0":4,"1":5,"2":3,"3":9,"4":8,"5":8,"6":1}}
}
