TN:
SF:src/js/index.js
FN:8,validateNumberAndPush
FN:15,writeNumber
FN:20,writeOperator
FN:26,writeInCalculator
FN:32,clearDisplay
FN:41,calculate
FN:83,execute
FNF:7
FNH:7
FNDA:4,validateNumberAndPush
FNDA:5,writeNumber
FNDA:3,writeOperator
FNDA:9,writeInCalculator
FNDA:8,clearDisplay
FNDA:8,calculate
FNDA:1,execute
DA:1,1
DA:2,1
DA:3,1
DA:4,1
DA:5,1
DA:6,1
DA:7,1
DA:8,4
DA:9,4
DA:10,3
DA:11,3
DA:12,3
DA:13,4
DA:14,1
DA:15,5
DA:16,5
DA:17,5
DA:18,5
DA:19,1
DA:20,3
DA:21,3
DA:22,3
DA:23,3
DA:24,3
DA:25,1
DA:26,9
DA:27,9
DA:28,9
DA:29,9
DA:30,9
DA:31,1
DA:32,8
DA:33,8
DA:34,8
DA:35,8
DA:36,8
DA:37,8
DA:38,8
DA:39,8
DA:40,1
DA:41,8
DA:42,8
DA:43,6
DA:44,6
DA:45,6
DA:46,6
DA:47,6
DA:48,1
DA:49,1
DA:50,1
DA:51,1
DA:52,1
DA:53,5
DA:54,5
DA:55,6
DA:56,1
DA:57,1
DA:58,1
DA:59,1
DA:60,1
DA:61,4
DA:62,4
DA:63,6
DA:64,2
DA:65,2
DA:66,2
DA:67,2
DA:68,2
DA:69,2
DA:70,2
DA:71,2
DA:72,2
DA:73,6
DA:74,1
DA:75,1
DA:76,1
DA:77,1
DA:78,1
DA:79,1
DA:80,1
DA:81,8
DA:82,1
DA:83,1
DA:84,1
DA:85,1
DA:86,1
DA:87,1
DA:88,1
DA:89,1
DA:90,1
DA:91,1
DA:92,1
DA:93,1
DA:94,1
DA:95,1
DA:96,1
DA:97,1
DA:98,1
DA:99,1
DA:100,1
DA:101,1
LF:101
LH:101
BRDA:8,0,0,4
BRDA:9,1,0,3
BRDA:15,2,0,5
BRDA:20,3,0,3
BRDA:26,4,0,9
BRDA:32,5,0,8
BRDA:41,6,0,8
BRDA:42,7,0,2
BRDA:43,8,0,6
BRDA:47,9,0,1
BRDA:52,10,0,5
BRDA:55,11,0,1
BRDA:60,12,0,4
BRDA:63,13,0,2
BRDA:73,14,0,1
BRDA:83,15,0,1
BRF:16
BRH:16
end_of_record
